<?xml version="1.0" encoding="UTF-8"?>
<!-- Generated by org.testng.reporters.JUnitReportReporter -->
<testsuite hostname="DESKTOP-DREBPFJ" failures="0" tests="1" name="TC001_GET_Request" time="1.879" errors="0" timestamp="2022-07-30T13:20:40 IST" skipped="0">
  <testcase classname="TC001_GET_Request" name="getWeatherDetails" time="1.879"/>
  <system-out/>
</testsuite> <!-- TC001_GET_Request -->
