<?xml version="1.0" encoding="UTF-8"?>
<!-- Generated by org.testng.reporters.JUnitReportReporter -->
<testsuite hostname="DESKTOP-DREBPFJ" failures="0" tests="2" name="test.Firsttest" time="120.487" errors="0" timestamp="2022-07-16T13:46:41 IST" skipped="0">
  <testcase classname="test.Firsttest" name="testgoogle" time="107.900"/>
  <system-out/>
  <testcase classname="test.Firsttest" name="testfacebook" time="12.587"/>
  <system-out/>
</testsuite> <!-- test.Firsttest -->
