<?xml version="1.0" encoding="UTF-8"?>
<!-- Generated by org.testng.reporters.JUnitReportReporter -->
<testsuite hostname="DESKTOP-DREBPFJ" failures="0" tests="2" name="parrelexe.Parrele" time="28.332" errors="0" timestamp="2022-07-28T16:58:24 IST" skipped="0">
  <testcase classname="parrelexe.Parrele" name="m1" time="15.770"/>
  <system-out/>
  <testcase classname="parrelexe.Parrele" name="m1" time="12.562"/>
  <system-out/>
</testsuite> <!-- parrelexe.Parrele -->
