<?xml version="1.0" encoding="UTF-8"?>
<!-- Generated by org.testng.reporters.JUnitReportReporter -->
<testsuite hostname="DESKTOP-DREBPFJ" failures="0" tests="4" name="testNg.Test_NGProject" time="0.017" errors="0" timestamp="2022-07-27T15:19:51 IST" skipped="1">
  <testcase classname="testNg.Test_NGProject" name="m1" time="0.013"/>
  <system-out>
    <![CDATA[hi]]>
  </system-out>
  <testcase classname="testNg.Test_NGProject" name="m2" time="0.002"/>
  <system-out>
    <![CDATA[how are you]]>
  </system-out>
  <testcase classname="testNg.Test_NGProject" name="m2" time="0.002"/>
  <system-out>
    <![CDATA[how are you]]>
  </system-out>
  <testcase classname="testNg.Test_NGProject" name="m3">
    <skipped/>
  </testcase> <!-- m3 -->
  <system-out/>
</testsuite> <!-- testNg.Test_NGProject -->
