<?xml version="1.0" encoding="UTF-8"?>
<!-- Generated by org.testng.reporters.JUnitReportReporter -->
<testsuite hostname="DESKTOP-DREBPFJ" failures="0" tests="2" name="testNg.ParallelTest" time="42.440" errors="0" timestamp="2022-07-29T16:41:18 IST" skipped="0">
  <testcase classname="testNg.ParallelTest" name="FirefoxTest" time="21.928"/>
  <system-out/>
  <testcase classname="testNg.ParallelTest" name="ChromeTest" time="20.512"/>
  <system-out/>
</testsuite> <!-- testNg.ParallelTest -->
