<?xml version="1.0" encoding="UTF-8"?>
<!-- Generated by org.testng.reporters.JUnitReportReporter -->
<testsuite hostname="DESKTOP-DREBPFJ" failures="0" tests="1" name="demowebshoploginpage.TestCase2" time="22.728" errors="0" timestamp="2022-08-03T22:05:35 IST" skipped="0">
  <testcase classname="demowebshoploginpage.TestCase2" name="registration" time="22.728"/>
  <system-out/>
</testsuite> <!-- demowebshoploginpage.TestCase2 -->
