<?xml version="1.0" encoding="UTF-8"?>
<!-- Generated by org.testng.reporters.JUnitReportReporter -->
<testsuite hostname="DESKTOP-DREBPFJ" failures="0" tests="1" name="login.ReadExcel" time="0.567" errors="0" timestamp="2022-08-08T18:20:22 IST" skipped="0">
  <testcase classname="login.ReadExcel" name="data" time="0.567"/>
  <system-out/>
</testsuite> <!-- login.ReadExcel -->
