<?xml version="1.0" encoding="UTF-8"?>
<!-- Generated by org.testng.reporters.JUnitReportReporter -->
<testsuite hostname="DESKTOP-DREBPFJ" failures="0" tests="1" name="login.ReadingDataFromExcel" time="0.000" errors="0" timestamp="2022-08-08T21:18:12 IST" skipped="1">
  <testcase classname="login.ReadingDataFromExcel" name="readingData" time="0.000">
    <skipped/>
  </testcase> <!-- readingData -->
  <system-out/>
</testsuite> <!-- login.ReadingDataFromExcel -->
