<?xml version="1.0" encoding="UTF-8"?>
<!-- Generated by org.testng.reporters.JUnitReportReporter -->
<testsuite hostname="DESKTOP-DREBPFJ" failures="0" tests="1" name="LaunchTheBrowser.TestCaseID" time="44.617" errors="0" timestamp="2022-08-03T21:04:51 IST" skipped="0">
  <testcase classname="LaunchTheBrowser.TestCaseID" name="testCaseDescription" time="44.617"/>
  <system-out/>
</testsuite> <!-- LaunchTheBrowser.TestCaseID -->
