<?xml version="1.0" encoding="UTF-8"?>
<!-- Generated by org.testng.reporters.JUnitReportReporter -->
<testsuite hostname="DESKTOP-DREBPFJ" failures="0" tests="1" name="demowebshoploginpage.DWSLogin" time="3.952" errors="0" timestamp="2022-08-02T20:40:48 IST" skipped="0">
  <testcase classname="demowebshoploginpage.DWSLogin" name="logintestcase" time="3.952"/>
  <system-out/>
</testsuite> <!-- demowebshoploginpage.DWSLogin -->
